Using pre-set license
Built from '2020.2/staging' branch; Version is '2020.2.3f1 (8ff31bc5bf5b) revision 9433883'; Using compiler version '192528614'; Build Type 'Release'
OS: 'Windows 10 Home; OS build 19041.804; Version 2004; 64bit' Language: 'en' Physical Memory: 16269 MB
BatchMode: 1, IsHumanControllingUs: 0, StartBugReporterOnCrash: 0, Is64bit: 1, IsPro: 0

 COMMAND LINE ARGUMENTS:
C:\Program Files\Unity\Hub\Editor\2020.2.3f1\Editor\Unity.exe
-adb2
-batchMode
-noUpm
-name
AssetImportWorker0
-projectPath
C:/Users/George Tang/Desktop/Assignment7
-logFile
Logs/AssetImportWorker0.log
-srvPort
53403
Successfully changed project path to: C:/Users/George Tang/Desktop/Assignment7
C:/Users/George Tang/Desktop/Assignment7
Using Asset Import Pipeline V2.
Refreshing native plugins compatible for Editor in 27.22 ms, found 0 plugins.
Preloading 0 native plugins for Editor in 0.00 ms.
Initialize engine version: 2020.2.3f1 (8ff31bc5bf5b)
[Subsystems] Discovering subsystems at path C:/Program Files/Unity/Hub/Editor/2020.2.3f1/Editor/Data/Resources/UnitySubsystems
[Subsystems] Discovering subsystems at path C:/Users/George Tang/Desktop/Assignment7/Assets
GfxDevice: creating device client; threaded=0
Direct3D:
    Version:  Direct3D 11.0 [level 11.1]
    Renderer: NVIDIA GeForce GTX 1070 (ID=0x1ba1)
    Vendor:   
    VRAM:     8081 MB
    Driver:   27.21.14.6140
Initialize mono
Mono path[0] = 'C:/Program Files/Unity/Hub/Editor/2020.2.3f1/Editor/Data/Managed'
Mono path[1] = 'C:/Program Files/Unity/Hub/Editor/2020.2.3f1/Editor/Data/MonoBleedingEdge/lib/mono/unityjit'
Mono config path = 'C:/Program Files/Unity/Hub/Editor/2020.2.3f1/Editor/Data/MonoBleedingEdge/etc'
Using monoOptions --debugger-agent=transport=dt_socket,embedding=1,server=y,suspend=n,address=127.0.0.1:56856
Begin MonoManager ReloadAssembly
Registering precompiled unity dll's ...
Register platform support module: C:/Program Files/Unity/Hub/Editor/2020.2.3f1/Editor/Data/PlaybackEngines/WebGLSupport/UnityEditor.WebGL.Extensions.dll
Register platform support module: C:/Program Files/Unity/Hub/Editor/2020.2.3f1/Editor/Data/PlaybackEngines/WindowsStandaloneSupport/UnityEditor.WindowsStandalone.Extensions.dll
Registered in 0.002819 seconds.
Native extension for WindowsStandalone target not found
Native extension for WebGL target not found
Refreshing native plugins compatible for Editor in 27.22 ms, found 0 plugins.
Preloading 0 native plugins for Editor in 0.00 ms.
Invoked RoslynAnalysisRunner static constructor.
RoslynAnalysisRunner will not be running.
RoslynAnalysisRunner has terminated.
Mono: successfully reloaded assembly
- Completed reload, in  1.329 seconds
Platform modules already initialized, skipping
Registering precompiled user dll's ...
Registered in 0.000989 seconds.
Begin MonoManager ReloadAssembly
Native extension for WindowsStandalone target not found
Native extension for WebGL target not found
Refreshing native plugins compatible for Editor in 0.27 ms, found 0 plugins.
Preloading 0 native plugins for Editor in 0.00 ms.
Invoked RoslynAnalysisRunner static constructor.
RoslynAnalysisRunner will not be running.
RoslynAnalysisRunner has terminated.
Mono: successfully reloaded assembly
- Completed reload, in  0.965 seconds
Platform modules already initialized, skipping
========================================================================
Worker process is ready to serve import requests
Launched and connected shader compiler UnityShaderCompiler.exe after 0.07 seconds
Refreshing native plugins compatible for Editor in 0.19 ms, found 0 plugins.
Preloading 0 native plugins for Editor in 0.00 ms.
Unloading 1099 Unused Serialized files (Serialized files now loaded: 0)
System memory in use before: 56.5 MB.
System memory in use after: 56.6 MB.

Unloading 10 unused Assets to reduce memory usage. Loaded Objects now: 1540.
Total: 2.489800 ms (FindLiveObjects: 0.148600 ms CreateObjectMapping: 0.044300 ms MarkObjects: 2.116300 ms  DeleteObjects: 0.179200 ms)

========================================================================
Received Import Request.
  path: Assets
  artifactKey: Guid(00000000000000001000000000000000) Importer(815301076,1909f56bfc062723c751e8b465ee728b)
Start importing Assets using Guid(00000000000000001000000000000000) Importer(815301076,1909f56bfc062723c751e8b465ee728b)  -> (artifact id: '653ce283d384579a24208b2e4d727c2a') in 0.007489 seconds
  Import took 0.010258 seconds .

========================================================================
Received Import Request.
  Time since last request: 9.660013 seconds.
  path: Assets/ClickToMove.cs
  artifactKey: Guid(a34edc618e190c645aea2a42bb3858b2) Importer(815301076,1909f56bfc062723c751e8b465ee728b)
Start importing Assets/ClickToMove.cs using Guid(a34edc618e190c645aea2a42bb3858b2) Importer(815301076,1909f56bfc062723c751e8b465ee728b)  -> (artifact id: 'e29e441b3d4222039d13ccefd37ff0c0') in 0.032050 seconds
  Import took 0.036602 seconds .

========================================================================
Received Prepare
Registering precompiled user dll's ...
Registered in 0.001178 seconds.
Begin MonoManager ReloadAssembly
Native extension for WindowsStandalone target not found
Native extension for WebGL target not found
Refreshing native plugins compatible for Editor in 0.20 ms, found 0 plugins.
Preloading 0 native plugins for Editor in 0.00 ms.
Invoked RoslynAnalysisRunner static constructor.
RoslynAnalysisRunner will not be running.
RoslynAnalysisRunner has terminated.
Mono: successfully reloaded assembly
- Completed reload, in  0.926 seconds
Platform modules already initialized, skipping
Refreshing native plugins compatible for Editor in 0.55 ms, found 0 plugins.
Preloading 0 native plugins for Editor in 0.00 ms.
Unloading 1095 Unused Serialized files (Serialized files now loaded: 0)
System memory in use before: 56.5 MB.
System memory in use after: 56.5 MB.

Unloading 5 unused Assets to reduce memory usage. Loaded Objects now: 1543.
Total: 2.087300 ms (FindLiveObjects: 0.205200 ms CreateObjectMapping: 0.043800 ms MarkObjects: 1.753500 ms  DeleteObjects: 0.083800 ms)

========================================================================
Received Import Request.
  Time since last request: 9.332963 seconds.
  path: Assets/Scripts
  artifactKey: Guid(60a6de0ecd8b19b4891844c184202ab6) Importer(815301076,1909f56bfc062723c751e8b465ee728b)
Start importing Assets/Scripts using Guid(60a6de0ecd8b19b4891844c184202ab6) Importer(815301076,1909f56bfc062723c751e8b465ee728b)  -> (artifact id: 'a0d6ab20f763b530f2fd0b9f5c30f1d1') in 0.008308 seconds
  Import took 0.011530 seconds .

========================================================================
Received Import Request.
  Time since last request: 0.007890 seconds.
  path: Assets/Scripts
  artifactKey: Guid(60a6de0ecd8b19b4891844c184202ab6) Importer(815301076,1909f56bfc062723c751e8b465ee728b)
Start importing Assets/Scripts using Guid(60a6de0ecd8b19b4891844c184202ab6) Importer(815301076,1909f56bfc062723c751e8b465ee728b)  -> (artifact id: 'a0d6ab20f763b530f2fd0b9f5c30f1d1') in 0.005223 seconds
  Import took 0.008906 seconds .

========================================================================
Received Prepare
Registering precompiled user dll's ...
Registered in 0.001133 seconds.
Begin MonoManager ReloadAssembly
Native extension for WindowsStandalone target not found
Native extension for WebGL target not found
Refreshing native plugins compatible for Editor in 0.30 ms, found 0 plugins.
Preloading 0 native plugins for Editor in 0.00 ms.
Invoked RoslynAnalysisRunner static constructor.
RoslynAnalysisRunner will not be running.
RoslynAnalysisRunner has terminated.
Mono: successfully reloaded assembly
- Completed reload, in  0.914 seconds
Platform modules already initialized, skipping
Refreshing native plugins compatible for Editor in 0.20 ms, found 0 plugins.
Preloading 0 native plugins for Editor in 0.00 ms.
Unloading 1095 Unused Serialized files (Serialized files now loaded: 0)
System memory in use before: 56.5 MB.
System memory in use after: 56.6 MB.

Unloading 5 unused Assets to reduce memory usage. Loaded Objects now: 1545.
Total: 1.727800 ms (FindLiveObjects: 0.120200 ms CreateObjectMapping: 0.033900 ms MarkObjects: 1.485200 ms  DeleteObjects: 0.087500 ms)

========================================================================
Received Prepare
Registering precompiled user dll's ...
Registered in 0.000872 seconds.
Begin MonoManager ReloadAssembly
Native extension for WindowsStandalone target not found
Native extension for WebGL target not found
Refreshing native plugins compatible for Editor in 0.21 ms, found 0 plugins.
Preloading 0 native plugins for Editor in 0.00 ms.
Invoked RoslynAnalysisRunner static constructor.
RoslynAnalysisRunner will not be running.
RoslynAnalysisRunner has terminated.
Mono: successfully reloaded assembly
- Completed reload, in  1.110 seconds
Platform modules already initialized, skipping
Refreshing native plugins compatible for Editor in 0.31 ms, found 0 plugins.
Preloading 0 native plugins for Editor in 0.00 ms.
Unloading 1100 Unused Serialized files (Serialized files now loaded: 0)
System memory in use before: 56.6 MB.
System memory in use after: 56.7 MB.

Unloading 5 unused Assets to reduce memory usage. Loaded Objects now: 1552.
Total: 2.494500 ms (FindLiveObjects: 0.226900 ms CreateObjectMapping: 0.069600 ms MarkObjects: 2.122200 ms  DeleteObjects: 0.074200 ms)

========================================================================
Received Import Request.
  Time since last request: 3093.263022 seconds.
  path: Assets/Scripts/ClickToMove.cs
  artifactKey: Guid(a34edc618e190c645aea2a42bb3858b2) Importer(815301076,1909f56bfc062723c751e8b465ee728b)
Start importing Assets/Scripts/ClickToMove.cs using Guid(a34edc618e190c645aea2a42bb3858b2) Importer(815301076,1909f56bfc062723c751e8b465ee728b)  -> (artifact id: '1a4e9b54fe1747f9382ed78c7bfc3cfe') in 0.006862 seconds
  Import took 0.009529 seconds .

========================================================================
Received Prepare
Registering precompiled user dll's ...
Registered in 0.002263 seconds.
Begin MonoManager ReloadAssembly
Native extension for WindowsStandalone target not found
Native extension for WebGL target not found
Refreshing native plugins compatible for Editor in 0.19 ms, found 0 plugins.
Preloading 0 native plugins for Editor in 0.00 ms.
Invoked RoslynAnalysisRunner static constructor.
RoslynAnalysisRunner will not be running.
RoslynAnalysisRunner has terminated.
Mono: successfully reloaded assembly
- Completed reload, in  0.844 seconds
Platform modules already initialized, skipping
Refreshing native plugins compatible for Editor in 0.21 ms, found 0 plugins.
Preloading 0 native plugins for Editor in 0.00 ms.
Unloading 1100 Unused Serialized files (Serialized files now loaded: 0)
System memory in use before: 56.6 MB.
System memory in use after: 56.7 MB.

Unloading 5 unused Assets to reduce memory usage. Loaded Objects now: 1554.
Total: 2.237300 ms (FindLiveObjects: 0.270800 ms CreateObjectMapping: 0.057200 ms MarkObjects: 1.811000 ms  DeleteObjects: 0.095900 ms)

========================================================================
Received Import Request.
  Time since last request: 133.950155 seconds.
  path: Assets/Material
  artifactKey: Guid(0cf0ba733cd603e41b3c2bc72140cde7) Importer(815301076,1909f56bfc062723c751e8b465ee728b)
Start importing Assets/Material using Guid(0cf0ba733cd603e41b3c2bc72140cde7) Importer(815301076,1909f56bfc062723c751e8b465ee728b)  -> (artifact id: '0868d40cae7b3e0a689fcb2ffedb5347') in 0.006866 seconds
  Import took 0.008750 seconds .

========================================================================
Received Import Request.
  Time since last request: 11.399777 seconds.
  path: Assets/Material/PlayerMat.mat
  artifactKey: Guid(f6373d77a7b29cc41aaf02645a0a3447) Importer(815301076,1909f56bfc062723c751e8b465ee728b)
Start importing Assets/Material/PlayerMat.mat using Guid(f6373d77a7b29cc41aaf02645a0a3447) Importer(815301076,1909f56bfc062723c751e8b465ee728b)  -> (artifact id: 'e040d7576d087bba04f0e3c5a1dd499f') in 0.117961 seconds
  Import took 0.120892 seconds .

========================================================================
Received Prepare
Registering precompiled user dll's ...
Registered in 0.001002 seconds.
Begin MonoManager ReloadAssembly
Native extension for WindowsStandalone target not found
Native extension for WebGL target not found
Refreshing native plugins compatible for Editor in 0.20 ms, found 0 plugins.
Preloading 0 native plugins for Editor in 0.00 ms.
Invoked RoslynAnalysisRunner static constructor.
RoslynAnalysisRunner will not be running.
RoslynAnalysisRunner has terminated.
Mono: successfully reloaded assembly
- Completed reload, in  0.925 seconds
Platform modules already initialized, skipping
Refreshing native plugins compatible for Editor in 0.19 ms, found 0 plugins.
Preloading 0 native plugins for Editor in 0.00 ms.
Unloading 1100 Unused Serialized files (Serialized files now loaded: 0)
System memory in use before: 60.0 MB.
System memory in use after: 60.1 MB.

Unloading 5 unused Assets to reduce memory usage. Loaded Objects now: 1596.
Total: 2.455600 ms (FindLiveObjects: 0.345400 ms CreateObjectMapping: 0.188200 ms MarkObjects: 1.808900 ms  DeleteObjects: 0.111400 ms)

========================================================================
Received Prepare
Registering precompiled user dll's ...
Registered in 0.000722 seconds.
Begin MonoManager ReloadAssembly
Native extension for WindowsStandalone target not found
Native extension for WebGL target not found
Refreshing native plugins compatible for Editor in 0.20 ms, found 0 plugins.
Preloading 0 native plugins for Editor in 0.00 ms.
Invoked RoslynAnalysisRunner static constructor.
RoslynAnalysisRunner will not be running.
RoslynAnalysisRunner has terminated.
Mono: successfully reloaded assembly
- Completed reload, in  0.899 seconds
Platform modules already initialized, skipping
Refreshing native plugins compatible for Editor in 0.19 ms, found 0 plugins.
Preloading 0 native plugins for Editor in 0.00 ms.
Unloading 1100 Unused Serialized files (Serialized files now loaded: 0)
System memory in use before: 60.0 MB.
System memory in use after: 60.1 MB.

Unloading 5 unused Assets to reduce memory usage. Loaded Objects now: 1598.
Total: 1.994700 ms (FindLiveObjects: 0.280400 ms CreateObjectMapping: 0.050000 ms MarkObjects: 1.569500 ms  DeleteObjects: 0.092500 ms)

========================================================================
Received Prepare
Registering precompiled user dll's ...
Registered in 0.001627 seconds.
Begin MonoManager ReloadAssembly
Native extension for WindowsStandalone target not found
Native extension for WebGL target not found
Refreshing native plugins compatible for Editor in 0.20 ms, found 0 plugins.
Preloading 0 native plugins for Editor in 0.00 ms.
Invoked RoslynAnalysisRunner static constructor.
RoslynAnalysisRunner will not be running.
RoslynAnalysisRunner has terminated.
Mono: successfully reloaded assembly
- Completed reload, in  0.889 seconds
Platform modules already initialized, skipping
Refreshing native plugins compatible for Editor in 0.19 ms, found 0 plugins.
Preloading 0 native plugins for Editor in 0.00 ms.
Unloading 1100 Unused Serialized files (Serialized files now loaded: 0)
System memory in use before: 60.0 MB.
System memory in use after: 60.1 MB.

Unloading 5 unused Assets to reduce memory usage. Loaded Objects now: 1600.
Total: 2.505700 ms (FindLiveObjects: 0.212700 ms CreateObjectMapping: 0.036900 ms MarkObjects: 2.158200 ms  DeleteObjects: 0.096800 ms)

========================================================================
Received Prepare
Registering precompiled user dll's ...
Registered in 0.000935 seconds.
Begin MonoManager ReloadAssembly
Native extension for WindowsStandalone target not found
Native extension for WebGL target not found
Refreshing native plugins compatible for Editor in 0.28 ms, found 0 plugins.
Preloading 0 native plugins for Editor in 0.00 ms.
Invoked RoslynAnalysisRunner static constructor.
RoslynAnalysisRunner will not be running.
RoslynAnalysisRunner has terminated.
Mono: successfully reloaded assembly
- Completed reload, in  0.915 seconds
Platform modules already initialized, skipping
Refreshing native plugins compatible for Editor in 0.23 ms, found 0 plugins.
Preloading 0 native plugins for Editor in 0.00 ms.
Unloading 1100 Unused Serialized files (Serialized files now loaded: 0)
System memory in use before: 60.0 MB.
System memory in use after: 60.1 MB.

Unloading 5 unused Assets to reduce memory usage. Loaded Objects now: 1602.
Total: 2.173900 ms (FindLiveObjects: 0.142100 ms CreateObjectMapping: 0.041200 ms MarkObjects: 1.910000 ms  DeleteObjects: 0.079800 ms)

========================================================================
Received Import Request.
  Time since last request: 739.071805 seconds.
  path: Assets/Material/OceanMat.mat
  artifactKey: Guid(87dc1f71a75b0254fabaad8abe648187) Importer(815301076,1909f56bfc062723c751e8b465ee728b)
Start importing Assets/Material/OceanMat.mat using Guid(87dc1f71a75b0254fabaad8abe648187) Importer(815301076,1909f56bfc062723c751e8b465ee728b)  -> (artifact id: '1918708351ef9e1de5a2f756e10a687e') in 0.063657 seconds
  Import took 0.065790 seconds .

========================================================================
Received Import Request.
  Time since last request: 129.019790 seconds.
  path: Assets/Scripts/ClickInputReader.cs
  artifactKey: Guid(944ed92719d75c9438e983ef1569d7f6) Importer(815301076,1909f56bfc062723c751e8b465ee728b)
Start importing Assets/Scripts/ClickInputReader.cs using Guid(944ed92719d75c9438e983ef1569d7f6) Importer(815301076,1909f56bfc062723c751e8b465ee728b)  -> (artifact id: '046b4bac295ce20a9353f92dc9fcca59') in 0.014491 seconds
  Import took 0.017218 seconds .

========================================================================
Received Import Request.
  Time since last request: 0.004860 seconds.
  path: Assets/Scripts/ClickInputReader.cs
  artifactKey: Guid(944ed92719d75c9438e983ef1569d7f6) Importer(815301076,1909f56bfc062723c751e8b465ee728b)
Start importing Assets/Scripts/ClickInputReader.cs using Guid(944ed92719d75c9438e983ef1569d7f6) Importer(815301076,1909f56bfc062723c751e8b465ee728b)  -> (artifact id: '046b4bac295ce20a9353f92dc9fcca59') in 0.007848 seconds
  Import took 0.010664 seconds .

========================================================================
Received Prepare
Registering precompiled user dll's ...
Registered in 0.000736 seconds.
Begin MonoManager ReloadAssembly
Native extension for WindowsStandalone target not found
Native extension for WebGL target not found
Refreshing native plugins compatible for Editor in 0.19 ms, found 0 plugins.
Preloading 0 native plugins for Editor in 0.00 ms.
Invoked RoslynAnalysisRunner static constructor.
RoslynAnalysisRunner will not be running.
RoslynAnalysisRunner has terminated.
Mono: successfully reloaded assembly
- Completed reload, in  0.878 seconds
Platform modules already initialized, skipping
Refreshing native plugins compatible for Editor in 0.38 ms, found 0 plugins.
Preloading 0 native plugins for Editor in 0.00 ms.
Unloading 1100 Unused Serialized files (Serialized files now loaded: 0)
System memory in use before: 60.0 MB.
System memory in use after: 60.1 MB.

Unloading 5 unused Assets to reduce memory usage. Loaded Objects now: 1605.
Total: 2.172300 ms (FindLiveObjects: 0.309900 ms CreateObjectMapping: 0.082400 ms MarkObjects: 1.679700 ms  DeleteObjects: 0.098500 ms)

========================================================================
Received Import Request.
  Time since last request: 460.382625 seconds.
  path: Assets/Scripts/ClickInputReader.cs
  artifactKey: Guid(944ed92719d75c9438e983ef1569d7f6) Importer(815301076,1909f56bfc062723c751e8b465ee728b)
Start importing Assets/Scripts/ClickInputReader.cs using Guid(944ed92719d75c9438e983ef1569d7f6) Importer(815301076,1909f56bfc062723c751e8b465ee728b)  -> (artifact id: 'f256c82ccb90af727aa47b32469fdbdc') in 0.007862 seconds
  Import took 0.010358 seconds .

AssetImportWorkerClient::OnTransportError - code=2 error=End of file
